<?xml version="1.0" encoding="UTF-8"?>
<!-- Generated by org.testng.reporters.JUnitReportReporter -->
<testsuite hostname="INHYDLCRAO1" failures="0" tests="5" name="com.dhana.news.TestNGOne" time="0.022" errors="0" timestamp="2021-08-17T10:41:55 IST" skipped="0">
  <testcase classname="com.dhana.news.TestNGOne" name="MobileLoginPersonalLoan" time="0.002"/>
  <system-out/>
  <testcase classname="com.dhana.news.TestNGOne" name="MobileLoginHomeLoan" time="0.001"/>
  <system-out/>
  <testcase classname="com.dhana.news.TestNGOne" name="MobileLoginCarLoan" time="0.002"/>
  <system-out/>
  <testcase classname="com.dhana.news.TestNGOne" name="WebLoginCarLoan" time="0.001"/>
  <system-out/>
  <testcase classname="com.dhana.news.TestNGOne" name="LoginAPICarLoan" time="0.016"/>
  <system-out/>
</testsuite> <!-- com.dhana.news.TestNGOne -->
