<?xml version="1.0" encoding="UTF-8"?>
<!-- Generated by org.testng.reporters.JUnitReportReporter -->
<testsuite hostname="INHYDLCRAO1" failures="0" tests="6" name="com.dhana.news.TestNG_Priority_Annotations" time="0.012" errors="0" timestamp="2022-02-12T12:13:27 IST" skipped="0">
  <testcase classname="com.dhana.news.TestNG_Priority_Annotations" name="No_method" time="0.007"/>
  <system-out/>
  <testcase classname="com.dhana.news.TestNG_Priority_Annotations" name="e_method" time="0.001"/>
  <system-out/>
  <testcase classname="com.dhana.news.TestNG_Priority_Annotations" name="a_method" time="0.001"/>
  <system-out/>
  <testcase classname="com.dhana.news.TestNG_Priority_Annotations" name="d_method" time="0.001"/>
  <system-out/>
  <testcase classname="com.dhana.news.TestNG_Priority_Annotations" name="c_method" time="0.001"/>
  <system-out/>
  <testcase classname="com.dhana.news.TestNG_Priority_Annotations" name="b_method" time="0.001"/>
  <system-out/>
</testsuite> <!-- com.dhana.news.TestNG_Priority_Annotations -->
